<?xml version="1.0" encoding="UTF-8"?>
<!-- Generated by org.testng.reporters.JUnitXMLReporter -->
<testsuite ignored="1" hostname="DESKTOP-M1H2EC0" failures="0" tests="5" name="Default test" time="0.093" errors="0" timestamp="2023-09-21T15:56:14 IST">
  <testcase classname="nobrokerlogin.nobroker" name="@BeforeSuite openwebsite" time="0.117">
    <failure type="java.lang.NoClassDefFoundError" message="io/reactivex/rxjava3/subjects/PublishSubject">
      <![CDATA[java.lang.NoClassDefFoundError: io/reactivex/rxjava3/subjects/PublishSubject
at com.aventstack.extentreports.ReactiveSubject.<init>(ReactiveSubject.java:28)
at com.aventstack.extentreports.AbstractProcessor.<init>(AbstractProcessor.java:19)
at com.aventstack.extentreports.ExtentReports.<init>(ExtentReports.java:55)
at nobrokerlogin.nobroker.openwebsite(nobroker.java:37)
at java.base/jdk.internal.reflect.NativeMethodAccessorImpl.invoke0(Native Method)
at java.base/jdk.internal.reflect.NativeMethodAccessorImpl.invoke(NativeMethodAccessorImpl.java:77)
at java.base/jdk.internal.reflect.DelegatingMethodAccessorImpl.invoke(DelegatingMethodAccessorImpl.java:43)
at java.base/java.lang.reflect.Method.invoke(Method.java:568)
at org.testng.internal.invokers.MethodInvocationHelper.invokeMethod(MethodInvocationHelper.java:139)
at org.testng.internal.invokers.MethodInvocationHelper.invokeMethodConsideringTimeout(MethodInvocationHelper.java:69)
at org.testng.internal.invokers.ConfigInvoker.invokeConfigurationMethod(ConfigInvoker.java:390)
at org.testng.internal.invokers.ConfigInvoker.invokeConfigurations(ConfigInvoker.java:325)
at org.testng.SuiteRunner.privateRun(SuiteRunner.java:382)
at org.testng.SuiteRunner.run(SuiteRunner.java:336)
at org.testng.SuiteRunnerWorker.runSuite(SuiteRunnerWorker.java:52)
at org.testng.SuiteRunnerWorker.run(SuiteRunnerWorker.java:95)
at org.testng.TestNG.runSuitesSequentially(TestNG.java:1280)
at org.testng.TestNG.runSuitesLocally(TestNG.java:1200)
at org.testng.TestNG.runSuites(TestNG.java:1114)
at org.testng.TestNG.run(TestNG.java:1082)
at org.testng.remote.AbstractRemoteTestNG.run(AbstractRemoteTestNG.java:115)
at org.testng.remote.RemoteTestNG.initAndRun(RemoteTestNG.java:251)
at org.testng.remote.RemoteTestNG.main(RemoteTestNG.java:77)
Caused by: java.lang.ClassNotFoundException: io.reactivex.rxjava3.subjects.PublishSubject
at java.base/jdk.internal.loader.BuiltinClassLoader.loadClass(BuiltinClassLoader.java:641)
at java.base/jdk.internal.loader.ClassLoaders$AppClassLoader.loadClass(ClassLoaders.java:188)
at java.base/java.lang.ClassLoader.loadClass(ClassLoader.java:520)
... 23 more
]]>
    </failure>
  </testcase> <!-- @BeforeSuite openwebsite -->
  <testcase classname="nobrokerlogin.nobroker" name="location" time="0.0">
    <skipped/>
  </testcase> <!-- location -->
  <testcase classname="nobrokerlogin.nobroker" name="search" time="0.001">
    <skipped/>
  </testcase> <!-- search -->
  <testcase classname="nobrokerlogin.nobroker" name="getValues" time="0.0">
    <skipped/>
  </testcase> <!-- getValues -->
  <testcase classname="nobrokerlogin.nobroker" name="sortbyoldestfirst" time="0.0">
    <skipped/>
  </testcase> <!-- sortbyoldestfirst -->
  <testcase classname="nobrokerlogin.nobroker" name="sortbyrent" time="0.0">
    <skipped/>
  </testcase> <!-- sortbyrent -->
  <testcase classname="nobrokerlogin.nobroker" name="chatbox" time="0.0">
    <ignored/>
  </testcase> <!-- chatbox -->
</testsuite> <!-- Default test -->
